0 info it worked if it ends with ok
1 verbose cli [ 'c:\\Program Files\\nodejs\\node.exe',
1 verbose cli   'c:\\Program Files\\nodejs\\node_modules\\npm\\bin\\npm-cli.js',
1 verbose cli   'install',
1 verbose cli   'packahe.json' ]
2 info using npm@1.4.9
3 info using node@v0.10.28
4 warn package.json photoshop-bespoke@0.0.0 No repository field.
5 verbose readDependencies using package.json deps
6 verbose cache add [ 'packahe.json', null ]
7 verbose cache add name=undefined spec="packahe.json" args=["packahe.json",null]
8 verbose parsed url { protocol: null,
8 verbose parsed url   slashes: null,
8 verbose parsed url   auth: null,
8 verbose parsed url   host: null,
8 verbose parsed url   port: null,
8 verbose parsed url   hostname: null,
8 verbose parsed url   hash: null,
8 verbose parsed url   search: null,
8 verbose parsed url   query: null,
8 verbose parsed url   pathname: 'packahe.json',
8 verbose parsed url   path: 'packahe.json',
8 verbose parsed url   href: 'packahe.json' }
9 silly lockFile b8a83fb8-packahe-json packahe.json
10 verbose lock packahe.json C:\Users\andika\AppData\Roaming\npm-cache\b8a83fb8-packahe-json.lock
11 silly lockFile b8a83fb8-packahe-json packahe.json
12 silly lockFile b8a83fb8-packahe-json packahe.json
13 verbose addNamed [ 'packahe.json', '' ]
14 verbose addNamed [ null, '*' ]
15 silly lockFile 0277d912-packahe-json packahe.json@
16 verbose lock packahe.json@ C:\Users\andika\AppData\Roaming\npm-cache\0277d912-packahe-json.lock
17 silly addNameRange { name: 'packahe.json', range: '*', hasData: false }
18 verbose url raw packahe.json
19 verbose url resolving [ 'https://registry.npmjs.org/', './packahe.json' ]
20 verbose url resolved https://registry.npmjs.org/packahe.json
21 info trying registry request attempt 1 at 19:56:11
22 http GET https://registry.npmjs.org/packahe.json
23 http 404 https://registry.npmjs.org/packahe.json
24 verbose headers { date: 'Fri, 06 Jun 2014 12:56:10 GMT',
24 verbose headers   server: 'CouchDB/1.5.0 (Erlang OTP/R16B)',
24 verbose headers   'content-type': 'application/json',
24 verbose headers   via: '1.1 varnish',
24 verbose headers   'cache-control': 'max-age=0',
24 verbose headers   'content-length': '52',
24 verbose headers   'accept-ranges': 'bytes',
24 verbose headers   age: '0',
24 verbose headers   'x-served-by': 'cache-sv95-SJC3, cache-sn88-SIN',
24 verbose headers   'x-cache': 'MISS, MISS',
24 verbose headers   'x-cache-hits': '0, 0',
24 verbose headers   'x-timer': 'S1402059370.005462,VS0,VE225',
24 verbose headers   'keep-alive': 'timeout=10, max=50',
24 verbose headers   connection: 'Keep-Alive' }
25 silly registry.get cb [ 404,
25 silly registry.get   { date: 'Fri, 06 Jun 2014 12:56:10 GMT',
25 silly registry.get     server: 'CouchDB/1.5.0 (Erlang OTP/R16B)',
25 silly registry.get     'content-type': 'application/json',
25 silly registry.get     via: '1.1 varnish',
25 silly registry.get     'cache-control': 'max-age=0',
25 silly registry.get     'content-length': '52',
25 silly registry.get     'accept-ranges': 'bytes',
25 silly registry.get     age: '0',
25 silly registry.get     'x-served-by': 'cache-sv95-SJC3, cache-sn88-SIN',
25 silly registry.get     'x-cache': 'MISS, MISS',
25 silly registry.get     'x-cache-hits': '0, 0',
25 silly registry.get     'x-timer': 'S1402059370.005462,VS0,VE225',
25 silly registry.get     'keep-alive': 'timeout=10, max=50',
25 silly registry.get     connection: 'Keep-Alive' } ]
26 silly lockFile 0277d912-packahe-json packahe.json@
27 silly lockFile 0277d912-packahe-json packahe.json@
28 error 404 404 Not Found: packahe.json
28 error 404
28 error 404 'packahe.json' is not in the npm registry.
28 error 404 You should bug the author to publish it
28 error 404 It was specified as a dependency of 'photoshop-bespoke'
28 error 404
28 error 404 Note that you can also install from a
28 error 404 tarball, folder, or http url, or git url.
29 error System Windows_NT 6.1.7600
30 error command "c:\\Program Files\\nodejs\\node.exe" "c:\\Program Files\\nodejs\\node_modules\\npm\\bin\\npm-cli.js" "install" "packahe.json"
31 error cwd d:\persentase
32 error node -v v0.10.28
33 error npm -v 1.4.9
34 error code E404
35 verbose exit [ 1, true ]
